0 info it worked if it ends with ok
1 verbose cli [ 'node',
1 verbose cli   '/usr/local/bin/npm',
1 verbose cli   'publish',
1 verbose cli   '--registry=http://npm-scispike.ddns.net' ]
2 info using npm@1.4.9
3 info using node@v0.10.28
4 verbose publish [ '.' ]
5 verbose cache add [ '.', null ]
6 verbose cache add name=undefined spec="." args=[".",null]
7 verbose parsed url { protocol: null,
7 verbose parsed url   slashes: null,
7 verbose parsed url   auth: null,
7 verbose parsed url   host: null,
7 verbose parsed url   port: null,
7 verbose parsed url   hostname: null,
7 verbose parsed url   hash: null,
7 verbose parsed url   search: null,
7 verbose parsed url   query: null,
7 verbose parsed url   pathname: '.',
7 verbose parsed url   path: '.',
7 verbose parsed url   href: '.' }
8 silly lockFile 3a52ce78- .
9 verbose lock . /Users/peterunsworth/.npm/3a52ce78-.lock
10 verbose tar pack [ '/var/folders/gn/xb0cqhh127g64x62w49m4vch0000gn/T/npm-12286-WwBilTb_/1432936391907-0.2192738603334874/tmp.tgz',
10 verbose tar pack   '.' ]
11 verbose tarball /var/folders/gn/xb0cqhh127g64x62w49m4vch0000gn/T/npm-12286-WwBilTb_/1432936391907-0.2192738603334874/tmp.tgz
12 verbose folder .
13 info prepublish engine-ui@5.0.7
14 silly lockFile 1f1177db-tar tar://.
15 verbose lock tar://. /Users/peterunsworth/.npm/1f1177db-tar.lock
16 silly lockFile e136d250-91907-0-2192738603334874-tmp-tgz tar:///var/folders/gn/xb0cqhh127g64x62w49m4vch0000gn/T/npm-12286-WwBilTb_/1432936391907-0.2192738603334874/tmp.tgz
17 verbose lock tar:///var/folders/gn/xb0cqhh127g64x62w49m4vch0000gn/T/npm-12286-WwBilTb_/1432936391907-0.2192738603334874/tmp.tgz /Users/peterunsworth/.npm/e136d250-91907-0-2192738603334874-tmp-tgz.lock
18 silly lockFile 1f1177db-tar tar://.
19 silly lockFile 1f1177db-tar tar://.
20 silly lockFile e136d250-91907-0-2192738603334874-tmp-tgz tar:///var/folders/gn/xb0cqhh127g64x62w49m4vch0000gn/T/npm-12286-WwBilTb_/1432936391907-0.2192738603334874/tmp.tgz
21 silly lockFile e136d250-91907-0-2192738603334874-tmp-tgz tar:///var/folders/gn/xb0cqhh127g64x62w49m4vch0000gn/T/npm-12286-WwBilTb_/1432936391907-0.2192738603334874/tmp.tgz
22 verbose tar unpack /var/folders/gn/xb0cqhh127g64x62w49m4vch0000gn/T/npm-12286-WwBilTb_/1432936391907-0.2192738603334874/tmp.tgz
23 silly lockFile 5c843a2a-orth-npm-engine-ui-5-0-7-package tar:///Users/peterunsworth/.npm/engine-ui/5.0.7/package
24 verbose lock tar:///Users/peterunsworth/.npm/engine-ui/5.0.7/package /Users/peterunsworth/.npm/5c843a2a-orth-npm-engine-ui-5-0-7-package.lock
25 silly lockFile e136d250-91907-0-2192738603334874-tmp-tgz tar:///var/folders/gn/xb0cqhh127g64x62w49m4vch0000gn/T/npm-12286-WwBilTb_/1432936391907-0.2192738603334874/tmp.tgz
26 verbose lock tar:///var/folders/gn/xb0cqhh127g64x62w49m4vch0000gn/T/npm-12286-WwBilTb_/1432936391907-0.2192738603334874/tmp.tgz /Users/peterunsworth/.npm/e136d250-91907-0-2192738603334874-tmp-tgz.lock
27 silly gunzTarPerm modes [ '755', '644' ]
28 silly gunzTarPerm extractEntry package.json
29 silly gunzTarPerm extractEntry .npmignore
30 silly gunzTarPerm extractEntry README.md
31 silly gunzTarPerm extractEntry LICENSE
32 silly gunzTarPerm extractEntry Gruntfile.js
33 silly gunzTarPerm extractEntry test/driver_test.js
34 silly gunzTarPerm extractEntry test/json2angular_test.js
35 silly gunzTarPerm extractEntry test/parseMatrix_test.js
36 silly gunzTarPerm extractEntry test/parseViews_test.js
37 silly gunzTarPerm extractEntry test/rawmeta_test.js
38 silly gunzTarPerm extractEntry test/schemaValidation_test.js
39 silly gunzTarPerm extractEntry .idea/.name
40 silly gunzTarPerm extractEntry .idea/encodings.xml
41 silly gunzTarPerm extractEntry .idea/engine-ui.iml
42 silly gunzTarPerm extractEntry .idea/jsLibraryMappings.xml
43 silly gunzTarPerm extractEntry .idea/libraries/engine_ui_node_modules.xml
44 silly gunzTarPerm extractEntry .idea/misc.xml
45 silly gunzTarPerm extractEntry .idea/modules.xml
46 silly gunzTarPerm extractEntry .idea/scopes/scope_settings.xml
47 silly gunzTarPerm extractEntry .idea/vcs.xml
48 silly gunzTarPerm extractEntry .idea/workspace.xml
49 silly gunzTarPerm extractEntry lib/driver.js
50 silly gunzTarPerm extractEntry lib/json2angular.js
51 silly gunzTarPerm extractEntry lib/parse.js
52 silly gunzTarPerm extractEntry template/README.md
53 silly gunzTarPerm extractEntry template/Gruntfile.js
54 silly gunzTarPerm extractEntry template/Gruntfile_custom.js
55 silly gunzTarPerm extractEntry template/app.js
56 silly gunzTarPerm extractEntry template/appConfig.js
57 silly gunzTarPerm extractEntry template/shared/controllers/headerController.js
58 silly gunzTarPerm extractEntry template/shared/controllers/mainController.js
59 silly gunzTarPerm extractEntry template/shared/directives/footer/footer.js
60 silly gunzTarPerm extractEntry template/shared/directives/forms/formInput.js
61 silly gunzTarPerm extractEntry template/shared/directives/header/header.js
62 silly gunzTarPerm extractEntry template/shared/directives/navPanel/navPanel.js
63 silly gunzTarPerm extractEntry template/shared/directives/ngGrid/ngGridDirective.js
64 silly gunzTarPerm extractEntry template/shared/directives/popover/popover.js
65 silly gunzTarPerm extractEntry template/shared/locale/en_US.js
66 silly gunzTarPerm extractEntry template/shared/modules/googleMaps/googleMaps.js
67 silly gunzTarPerm extractEntry template/shared/modules/googleMaps/directives/googleMaps.js
68 silly gunzTarPerm extractEntry template/shared/modules/googleMaps/services/googleMapService.js
69 silly gunzTarPerm extractEntry template/shared/services/FormService.js
70 silly gunzTarPerm extractEntry template/shared/services/RestService.js
71 silly gunzTarPerm extractEntry template/shared/services/SocketService.js
72 silly gunzTarPerm extractEntry template/shared/services/serverLocation.js
73 silly gunzTarPerm extractEntry template/shared/services/settings.js
74 silly gunzTarPerm extractEntry template/shared/services/typeRefService.js
75 silly gunzTarPerm extractEntry template/bower.json.req
76 silly gunzTarPerm extractEntry template/clientConfig/custom/homePage/homeController.js
77 silly gunzTarPerm extractEntry template/clientConfig/custom/homePage/home.html
78 silly gunzTarPerm extractEntry template/clientConfig/custom/login/POST_extended.js
79 silly gunzTarPerm extractEntry template/clientConfig/init/settings.js
80 silly gunzTarPerm extractEntry template/clientConfig/init/setup.json
81 silly gunzTarPerm extractEntry template/clientConfig/themes/defaultTheme/base.less
82 silly gunzTarPerm extractEntry template/clientConfig/themes/defaultTheme/bootstrapOverwrite.less
83 silly gunzTarPerm extractEntry template/clientConfig/themes/defaultTheme/engineUIForms.less
84 silly gunzTarPerm extractEntry template/clientConfig/themes/defaultTheme/engineUIGrid.less
85 silly gunzTarPerm extractEntry template/clientConfig/themes/defaultTheme/googleMaps.less
86 silly gunzTarPerm extractEntry template/clientConfig/themes/defaultTheme/html5Reset.less
87 silly gunzTarPerm extractEntry template/clientConfig/themes/defaultTheme/index.less
88 silly gunzTarPerm extractEntry template/clientConfig/themes/defaultTheme/mixins.less
89 silly gunzTarPerm extractEntry template/clientConfig/themes/defaultTheme/theme.less
90 silly gunzTarPerm extractEntry template/clientConfig/themes/defaultTheme/variables.less
91 silly gunzTarPerm extractEntry template/clientConfig/themes/sciSpikeTheme/base.less
92 silly gunzTarPerm extractEntry template/clientConfig/themes/sciSpikeTheme/bootstrapOverwrite.less
93 silly gunzTarPerm extractEntry template/clientConfig/themes/sciSpikeTheme/engineUIForms.less
94 silly gunzTarPerm extractEntry template/clientConfig/themes/sciSpikeTheme/engineUIGrid.less
95 silly gunzTarPerm extractEntry template/clientConfig/themes/sciSpikeTheme/googleMaps.less
96 silly gunzTarPerm extractEntry template/clientConfig/themes/sciSpikeTheme/html5Reset.less
97 silly gunzTarPerm extractEntry template/clientConfig/themes/sciSpikeTheme/index.less
98 silly gunzTarPerm extractEntry template/clientConfig/themes/sciSpikeTheme/mixins.less
99 silly gunzTarPerm extractEntry template/clientConfig/themes/sciSpikeTheme/theme.less
100 silly gunzTarPerm extractEntry template/clientConfig/themes/sciSpikeTheme/variables.less
101 silly gunzTarPerm extractEntry template/Gruntfile.js.orig
102 silly gunzTarPerm extractEntry template/gruntTasks/browserify.js
103 silly gunzTarPerm extractEntry template/gruntTasks/html2js.js
104 silly gunzTarPerm extractEntry template/gruntTasks/karma.js
105 silly gunzTarPerm extractEntry template/gruntTasks/less.js
106 silly gunzTarPerm extractEntry template/gruntTasks/protractor.js
107 silly gunzTarPerm extractEntry template/index.html
108 silly gunzTarPerm extractEntry template/libs/vendor/LAB.min.js
109 silly gunzTarPerm extractEntry template/libs/vendor/bootstrap.js
110 silly gunzTarPerm extractEntry template/libs/vendor/checklist-model.js
111 silly gunzTarPerm extractEntry template/libs/vendor/ng-grid-layout.js
112 silly gunzTarPerm extractEntry template/modules/crudMasterController.js
113 silly gunzTarPerm extractEntry template/modules/actionableController.js
114 silly gunzTarPerm extractEntry template/modules/agentController.js
115 silly gunzTarPerm extractEntry template/modules/agentMasterController.js
116 silly gunzTarPerm extractEntry template/modules/agentModule.js
117 silly gunzTarPerm extractEntry template/modules/agentServices.js
118 silly gunzTarPerm extractEntry template/modules/crudController.js
119 silly gunzTarPerm extractEntry template/modules/crudModule.js
120 silly gunzTarPerm extractEntry template/modules/crudServices.js
121 silly gunzTarPerm extractEntry template/modules/locale.js
122 silly gunzTarPerm extractEntry template/modules/actionableAgent.html
123 silly gunzTarPerm extractEntry template/modules/find.html
124 silly gunzTarPerm extractEntry template/modules/get.html
125 silly gunzTarPerm extractEntry template/modules/index.html
126 silly gunzTarPerm extractEntry template/modules/actionable.html
127 silly gunzTarPerm extractEntry template/modules/state.html
128 silly gunzTarPerm extractEntry template/package.json.req
129 silly gunzTarPerm extractEntry template/partials/footer/footerBlock.html
130 silly gunzTarPerm extractEntry template/partials/fragments/geo.html
131 silly gunzTarPerm extractEntry template/partials/fragments/array.html
132 silly gunzTarPerm extractEntry template/partials/fragments/checkbox.html
133 silly gunzTarPerm extractEntry template/partials/fragments/date.html
134 silly gunzTarPerm extractEntry template/partials/fragments/default.html
135 silly gunzTarPerm extractEntry template/partials/fragments/element.html
136 silly gunzTarPerm extractEntry template/partials/fragments/elements.html
137 silly gunzTarPerm extractEntry template/partials/fragments/enum.html
138 silly gunzTarPerm extractEntry template/partials/fragments/boolean.html
139 silly gunzTarPerm extractEntry template/partials/fragments/integer.html
140 silly gunzTarPerm extractEntry template/partials/fragments/number.html
141 silly gunzTarPerm extractEntry template/partials/fragments/radio.html
142 silly gunzTarPerm extractEntry template/partials/fragments/select.html
143 silly gunzTarPerm extractEntry template/partials/fragments/text.html
144 silly gunzTarPerm extractEntry template/partials/fragments/toggle.html
145 silly gunzTarPerm extractEntry template/partials/fragments/typeahead.html
146 silly gunzTarPerm extractEntry template/partials/googleMap/googleMap.html
147 silly gunzTarPerm extractEntry template/partials/header/headerBlock.html
148 silly gunzTarPerm extractEntry template/partials/navPanel/navPanel.html
149 silly gunzTarPerm extractEntry template/partials/ngGrid/ngGrid.html
150 silly gunzTarPerm extractEntry template/partials/shared/main.html
151 silly gunzTarPerm extractEntry template/cordova_template/index.html
152 silly gunzTarPerm extractEntry template/cordova_template/js/index.js
153 silly gunzTarPerm extractEntry .metadata/.lock
154 silly gunzTarPerm extractEntry .metadata/.log
155 silly gunzTarPerm extractEntry .metadata/.plugins/org.eclipse.core.resources/.root/.indexes/history.version
156 silly gunzTarPerm extractEntry .metadata/.plugins/org.eclipse.core.resources/.root/.indexes/properties.index
157 silly gunzTarPerm extractEntry .metadata/.plugins/org.eclipse.core.resources/.root/.indexes/properties.version
158 silly gunzTarPerm extractEntry .metadata/.plugins/org.eclipse.core.resources/.root/1.tree
159 silly gunzTarPerm extractEntry .metadata/.plugins/org.eclipse.core.resources/.safetable/org.eclipse.core.resources
160 silly gunzTarPerm extractEntry .metadata/.plugins/org.eclipse.e4.workbench/workbench.xmi
161 silly gunzTarPerm extractEntry .metadata/.plugins/org.eclipse.jdt.core/invalidArchivesCache
162 silly gunzTarPerm extractEntry .metadata/.plugins/org.eclipse.jdt.core/nonChainingJarsCache
163 silly gunzTarPerm extractEntry .metadata/.plugins/org.eclipse.jdt.core/variablesAndContainers.dat
164 silly gunzTarPerm extractEntry .metadata/.plugins/org.eclipse.jdt.ui/OpenTypeHistory.xml
165 silly gunzTarPerm extractEntry .metadata/.plugins/org.eclipse.jdt.ui/QualifiedTypeNameHistory.xml
166 silly gunzTarPerm extractEntry .metadata/.plugins/org.eclipse.jdt.ui/dialog_settings.xml
167 silly gunzTarPerm extractEntry .metadata/.plugins/org.eclipse.ui.workbench/dialog_settings.xml
168 silly gunzTarPerm extractEntry .metadata/.plugins/org.eclipse.ui.workbench/workingsets.xml
169 silly gunzTarPerm extractEntry .metadata/version.ini
170 silly gunzTarPerm extractEntry bin/engine-ui
171 silly lockFile 5c843a2a-orth-npm-engine-ui-5-0-7-package tar:///Users/peterunsworth/.npm/engine-ui/5.0.7/package
172 silly lockFile 5c843a2a-orth-npm-engine-ui-5-0-7-package tar:///Users/peterunsworth/.npm/engine-ui/5.0.7/package
173 silly lockFile e136d250-91907-0-2192738603334874-tmp-tgz tar:///var/folders/gn/xb0cqhh127g64x62w49m4vch0000gn/T/npm-12286-WwBilTb_/1432936391907-0.2192738603334874/tmp.tgz
174 silly lockFile e136d250-91907-0-2192738603334874-tmp-tgz tar:///var/folders/gn/xb0cqhh127g64x62w49m4vch0000gn/T/npm-12286-WwBilTb_/1432936391907-0.2192738603334874/tmp.tgz
175 silly lockFile 3a52ce78- .
176 silly lockFile 3a52ce78- .
177 silly publish { name: 'engine-ui',
177 silly publish   description: 'Generate AngularJS applications based on a JSON application grammar',
177 silly publish   version: '5.0.7',
177 silly publish   homepage: 'https://github.com/SciSpike/engine-ui',
177 silly publish   repository: { type: 'git', url: 'git@github.com:SciSpike/engine-ui.git' },
177 silly publish   engines: { node: '>= 0.8.0' },
177 silly publish   scripts: { patch: 'grunt release-patch', minor: 'grunt release-minor' },
177 silly publish   bin: { 'engine-ui': './bin/engine-ui' },
177 silly publish   dependencies:
177 silly publish    { async: '0.2.9',
177 silly publish      walk: '2.3.x',
177 silly publish      ansi: '0.2.x',
177 silly publish      string: '1.7.x',
177 silly publish      tv4: '1.0.x',
177 silly publish      mustache: '0.8.x',
177 silly publish      ejs: '1.0.0',
177 silly publish      underscore: '1.6.0',
177 silly publish      'js-beautify': '1.4.x',
177 silly publish      'sockjs-client-ws': '0.1.0',
177 silly publish      'emitter-component': '1.1.1',
177 silly publish      commander: '2.0.0',
177 silly publish      prettyjson: '~0.10.0',
177 silly publish      which: '1.0.5' },
177 silly publish   devDependencies:
177 silly publish    { nodeunit: '~0.8.2',
177 silly publish      'grunt-cli': '0.1.13',
177 silly publish      grunt: '0.4.5',
177 silly publish      'load-grunt-tasks': '0.6.0',
177 silly publish      'grunt-shell': '0.7.0',
177 silly publish      'grunt-bump': '0.0.16' },
177 silly publish   keywords: [ 'angularjs', 'generator', 'json schema' ],
177 silly publish   readme: '# json2angular\n\nGenerate AngularJS applications based on a JSON application grammar.\n\n## Usage\n\nA SciSpike application is automatically generated from a `.cdsl` file. The generated files include an `allInOne.js` file containing an application\'s state matrix and various view descriptions located in subdirectories of `public`. `json2angular` is able to generated a client side application using either mechanism.\n\n### State Matrix Usage\n\n    json2angular -n "Application Name" -s allInOne.js\n\n### Views Usage\n\n    json2angular -n "Application Name" -d scispike-app/public\n\nIn each case, the `json2angular` utility creates an intermediary user interface model that is used to generate an [AngularJS](http://angularjs.org/) application. This intermediary UI model is described in JSON Specification.\n\n## Development\n\n`json2angular` is a Node module to generate AngularJS projects based on a JSON specification. The module consumes a JSON file describing the application title and states. Each state is coupled with UI elements, and information about how those UI elements affect the application state.\n\nThis module uses [Mustache](https://npmjs.org/package/mustache) to generate HTML templates.\n\n## JSON Specification\n\n  * The application name is stored on the root level, and specified by the `name` key\n  * States are store in a JSON object. The key represents the state name.\n  * Each state must have a `ui` and `elements` key.\n  * The `ui` key specifies the HTML fragment to generate\n  * The `elements` key specifies child nodes\n  * Each child node is a container of UI elements associated with another state\n  * It must contain a `ui` key to generate another HTML fragment, and may contain an additional `elements` key\n\n\nAn application is described by a well-structure JSON specification, which is defined as a [JSON Schema](http://json-schema.org/). This allows AngularJS applications to be generated with minimal programming. The JSON spec is still in flux, so feel free to suggest/make improvements.\n\n### Rules\n\nThe JSON must:\n\n  * provide a `name` key at the top level with an application name. This will be inserted in the appropriate format (e.g. dashed, camel cased) throughout the project code.\n  * provide a `states` key at the top level containing an object of application states. Each key of the state object must be a state name.\n\nEach state object must:\n\n  * provide a `ui` key describing an HTML container for all child nodes.\n  * provide an `elements` key describing all possible state transitions from the current state.\n\nEach state transition must:\n\n  * provide a `ui` key describing an HTML container for all child nodes.\n  * provide an `elements` key describing an HTML fragment related to a specific UI element.\n\n\n\n### Example\n\n    {\n      "name": "Soda Purchaser",\n      "states": {\n        "state1": {\n          "ui": {\n            "tag": "div",\n            "title": "State 1 Container"\n          },\n          "elements": {\n            "state2": {\n              "ui": {\n                "tag": "div",\n                "title": "Container for UI elements related to state2 transition."\n              },\n              "elements": {\n                "descriptiveName": {\n                  "ui": {\n                    "tag": "input",\n                    "type": "text"\n                  }\n                },\n                "someOtherName": {\n                  "ui": {\n                    "tag": "checkbox",\n                  }\n                }\n                "action": {\n                  "ui": {\n                    "tag": "button",\n                    "event": "click"\n                  }\n                }\n              }\n            }\n          }\n        },\n        "state2": {},\n        "state3": {},\n      }\n    }\n\n\n#### Convention\n\n* Use Socket API when generating Angular app from allInOne.js\n* Use REST API when generating Angular app from views.js\n* Create tabbed view for each state using multiple pages (e.g. /has-money shows both actions whereas /has-money/selection shows only selection)\n* Create UI model from views.js (POST, GET, FIND, etc)\n\n#### Issues\n\n* In views schema, don\'t know how to handle array type. Enums with checkboxes are fine, but an open ended array is a bit more difficult to auto-generate aesthetically.\n* View names in view schema are mapped to state names and URLs in the Angular application. They should not contain slashes and extensions. I\'m removing them now, but it\'s not general enough code to handle all cases of a view name.\n* When posting using views, the code assumes the endpoint is the same as the page name (e.g. in views.js /page.html is formatted to a state name of page and an endpoint of /page)\n\n#### TODO:\n\n* Fix bug when generating from root directory\n* Expect view key to be a valid URL. Parse accordingly.\n* Alt text\n* ARIA support\n\njson2angular -d directory',
177 silly publish   readmeFilename: 'README.md',
177 silly publish   bugs: { url: 'https://github.com/SciSpike/engine-ui/issues' },
177 silly publish   _id: 'engine-ui@5.0.7',
177 silly publish   _shasum: '8bb6ac103b60f00949ee24d970b9fc1af72984be',
177 silly publish   _from: '.' }
178 verbose url raw engine-ui
179 verbose url resolving [ 'http://npm-scispike.ddns.net/', './engine-ui' ]
180 verbose url resolved http://npm-scispike.ddns.net/engine-ui
181 info trying registry request attempt 1 at 16:53:12
182 http PUT http://npm-scispike.ddns.net/engine-ui
183 http 401 http://npm-scispike.ddns.net/engine-ui
184 verbose headers { server: 'CouchDB/1.5.0 (Erlang OTP/R14B04)',
184 verbose headers   date: 'Fri, 29 May 2015 21:47:47 GMT',
184 verbose headers   'content-type': 'application/json',
184 verbose headers   'content-length': '78',
184 verbose headers   'cache-control': 'must-revalidate',
184 verbose headers   connection: 'close' }
185 error publish Failed PUT 401
186 error Error: unauthorized You are not authorized to access this db.: engine-ui
186 error     at RegClient.<anonymous> (/usr/local/lib/node_modules/npm/node_modules/npm-registry-client/lib/request.js:273:14)
186 error     at Request._callback (/usr/local/lib/node_modules/npm/node_modules/npm-registry-client/lib/request.js:211:65)
186 error     at Request.self.callback (/usr/local/lib/node_modules/npm/node_modules/request/request.js:123:22)
186 error     at Request.EventEmitter.emit (events.js:98:17)
186 error     at Request.<anonymous> (/usr/local/lib/node_modules/npm/node_modules/request/request.js:893:14)
186 error     at Request.EventEmitter.emit (events.js:117:20)
186 error     at IncomingMessage.<anonymous> (/usr/local/lib/node_modules/npm/node_modules/request/request.js:844:12)
186 error     at IncomingMessage.EventEmitter.emit (events.js:117:20)
186 error     at _stream_readable.js:919:16
186 error     at process._tickCallback (node.js:419:13)
187 error If you need help, you may report this *entire* log,
187 error including the npm and node versions, at:
187 error     <http://github.com/npm/npm/issues>
188 error System Darwin 12.4.1
189 error command "node" "/usr/local/bin/npm" "publish" "--registry=http://npm-scispike.ddns.net"
190 error cwd /Users/peterunsworth/Documents/scispike/engine-ui
191 error node -v v0.10.28
192 error npm -v 1.4.9
193 verbose exit [ 1, true ]
